<?xml version="1.0" encoding="UTF-8"?>
<testng-results ignored="0" total="4" passed="4" failed="0" skipped="0">
  <reporter-output>
  </reporter-output>
  <suite started-at="2025-04-07T13:30:46 IST" name="Petsuite" finished-at="2025-04-07T13:31:24 IST" duration-ms="37945">
    <groups>
    </groups>
    <test started-at="2025-04-07T13:30:46 IST" name="Pettest" finished-at="2025-04-07T13:31:24 IST" duration-ms="37945">
      <class name="api.test.UserTests2">
        <test-method is-config="true" signature="setUp()[pri:0, instance:api.test.UserTests2@279fedbd]" started-at="2025-04-07T13:30:46 IST" name="setUp" finished-at="2025-04-07T13:30:47 IST" duration-ms="492" status="PASS">
          <reporter-output>
          </reporter-output>
        </test-method> <!-- setUp -->
        <test-method signature="testPostUser()[pri:1, instance:api.test.UserTests2@279fedbd]" started-at="2025-04-07T13:30:47 IST" name="testPostUser" finished-at="2025-04-07T13:30:59 IST" duration-ms="12210" status="PASS">
          <reporter-output>
          </reporter-output>
        </test-method> <!-- testPostUser -->
        <test-method signature="testGetUserbyName()[pri:2, instance:api.test.UserTests2@279fedbd]" started-at="2025-04-07T13:30:59 IST" name="testGetUserbyName" finished-at="2025-04-07T13:31:10 IST" duration-ms="11276" status="PASS">
          <reporter-output>
          </reporter-output>
        </test-method> <!-- testGetUserbyName -->
        <test-method signature="testUpdateUser()[pri:3, instance:api.test.UserTests2@279fedbd]" started-at="2025-04-07T13:31:10 IST" name="testUpdateUser" finished-at="2025-04-07T13:31:23 IST" duration-ms="12552" status="PASS">
          <reporter-output>
          </reporter-output>
        </test-method> <!-- testUpdateUser -->
        <test-method signature="testDeleteUserbyName()[pri:4, instance:api.test.UserTests2@279fedbd]" started-at="2025-04-07T13:31:23 IST" name="testDeleteUserbyName" finished-at="2025-04-07T13:31:24 IST" duration-ms="1238" status="PASS">
          <reporter-output>
          </reporter-output>
        </test-method> <!-- testDeleteUserbyName -->
      </class> <!-- api.test.UserTests2 -->
    </test> <!-- Pettest -->
  </suite> <!-- Petsuite -->
</testng-results>
