<?xml version="1.0" encoding="UTF-8"?>
<!-- Generated by org.testng.reporters.JUnitXMLReporter -->
<testsuite ignored="0" hostname="LAPTOP-SNVFU3HC" failures="0" tests="4" name="Pettest" time="37.945" errors="0" timestamp="2025-04-07T13:31:24 IST">
  <testcase classname="api.test.UserTests2" name="testPostUser" time="12.21"/>
  <testcase classname="api.test.UserTests2" name="testGetUserbyName" time="11.276"/>
  <testcase classname="api.test.UserTests2" name="testUpdateUser" time="12.552"/>
  <testcase classname="api.test.UserTests2" name="testDeleteUserbyName" time="1.238"/>
</testsuite> <!-- Pettest -->
